<?xml version="1.0" encoding="UTF-8"?>
<!-- Generated by org.testng.reporters.JUnitXMLReporter -->
<testsuite ignored="0" hostname="tusshar" failures="0" tests="11" name="Test" time="60.239" errors="0" timestamp="2024-05-03T19:15:52 IST">
  <testcase classname="com.test.SearchPageTest" name="@BeforeMethod setUp" time="1.907">
    <failure type="org.openqa.selenium.WebDriverException" message="no such execution context
  (Session info: chrome=124.0.6367.119)
Build info: version: &amp;apos;3.141.59&amp;apos;, revision: &amp;apos;e82be7d358&amp;apos;, time: &amp;apos;2018-11-14T08:17:03&amp;apos;
System info: host: &amp;apos;TUSSHAR&amp;apos;, ip: &amp;apos;192.168.0.101&amp;apos;, os.name: &amp;apos;Windows 10&amp;apos;, os.arch: &amp;apos;amd64&amp;apos;, os.version: &amp;apos;10.0&amp;apos;, java.version: &amp;apos;17.0.8.1&amp;apos;
Driver info: org.openqa.selenium.chrome.ChromeDriver
Capabilities {acceptInsecureCerts: false, browserName: chrome, browserVersion: 124.0.6367.119, chrome: {chromedriverVersion: 124.0.6367.91 (51df0e5e17a8..., userDataDir: C:\Users\DELL\AppData\Local...}, fedcm:accounts: true, goog:chromeOptions: {debuggerAddress: localhost:55414}, javascriptEnabled: true, networkConnectionEnabled: false, pageLoadStrategy: normal, platform: WINDOWS, platformName: WINDOWS, proxy: Proxy(), setWindowRect: true, strictFileInteractability: false, timeouts: {implicit: 0, pageLoad: 300000, script: 30000}, unhandledPromptBehavior: dismiss and notify, webauthn:extension:credBlob: true, webauthn:extension:largeBlob: true, webauthn:extension:minPinLength: true, webauthn:extension:prf: true, webauthn:virtualAuthenticators: true}
Session ID: 874879478325cd85e0efeca5e55db457">
      <![CDATA[org.openqa.selenium.WebDriverException: no such execution context
  (Session info: chrome=124.0.6367.119)
Build info: version: '3.141.59', revision: 'e82be7d358', time: '2018-11-14T08:17:03'
System info: host: 'TUSSHAR', ip: '192.168.0.101', os.name: 'Windows 10', os.arch: 'amd64', os.version: '10.0', java.version: '17.0.8.1'
Driver info: org.openqa.selenium.chrome.ChromeDriver
Capabilities {acceptInsecureCerts: false, browserName: chrome, browserVersion: 124.0.6367.119, chrome: {chromedriverVersion: 124.0.6367.91 (51df0e5e17a8..., userDataDir: C:\Users\DELL\AppData\Local...}, fedcm:accounts: true, goog:chromeOptions: {debuggerAddress: localhost:55414}, javascriptEnabled: true, networkConnectionEnabled: false, pageLoadStrategy: normal, platform: WINDOWS, platformName: WINDOWS, proxy: Proxy(), setWindowRect: true, strictFileInteractability: false, timeouts: {implicit: 0, pageLoad: 300000, script: 30000}, unhandledPromptBehavior: dismiss and notify, webauthn:extension:credBlob: true, webauthn:extension:largeBlob: true, webauthn:extension:minPinLength: true, webauthn:extension:prf: true, webauthn:virtualAuthenticators: true}
Session ID: 874879478325cd85e0efeca5e55db457
at org.openqa.selenium.remote.http.W3CHttpResponseCodec.createException(W3CHttpResponseCodec.java:187)
at org.openqa.selenium.remote.http.W3CHttpResponseCodec.decode(W3CHttpResponseCodec.java:122)
at org.openqa.selenium.remote.http.W3CHttpResponseCodec.decode(W3CHttpResponseCodec.java:49)
at org.openqa.selenium.remote.HttpCommandExecutor.execute(HttpCommandExecutor.java:158)
at org.openqa.selenium.remote.service.DriverCommandExecutor.execute(DriverCommandExecutor.java:83)
at org.openqa.selenium.remote.RemoteWebDriver.execute(RemoteWebDriver.java:552)
at org.openqa.selenium.remote.RemoteWebDriver.execute(RemoteWebDriver.java:609)
at org.openqa.selenium.remote.RemoteWebDriver$RemoteWebDriverOptions$RemoteWindow.maximize(RemoteWebDriver.java:837)
at com.base.BaseClass.intialization(BaseClass.java:37)
at com.test.SearchPageTest.setUp(SearchPageTest.java:27)
at java.base/java.util.ArrayList.forEach(ArrayList.java:1511)
... Removed 36 stack frames]]>
    </failure>
  </testcase> <!-- @BeforeMethod setUp -->
  <testcase classname="com.test.SearchPageTest" name="@AfterMethod tearDown" time="-1.714743951854E9">
    <skipped/>
  </testcase> <!-- @AfterMethod tearDown -->
  <testcase classname="com.test.SearchPageTest" name="@BeforeMethod setUp" time="-1.71474395186E9">
    <skipped/>
  </testcase> <!-- @BeforeMethod setUp -->
  <testcase classname="com.test.SearchPageTest" name="@AfterMethod tearDown" time="-1.71474395187E9">
    <skipped/>
  </testcase> <!-- @AfterMethod tearDown -->
  <testcase classname="com.test.SearchPageTest" name="@BeforeMethod setUp" time="-1.714743951879E9">
    <skipped/>
  </testcase> <!-- @BeforeMethod setUp -->
  <testcase classname="com.test.SearchPageTest" name="@AfterMethod tearDown" time="-1.714743951899E9">
    <skipped/>
  </testcase> <!-- @AfterMethod tearDown -->
  <testcase classname="com.test.SearchPageTest" name="@BeforeMethod setUp" time="-1.714743951901E9">
    <skipped/>
  </testcase> <!-- @BeforeMethod setUp -->
  <testcase classname="com.test.SearchPageTest" name="@AfterMethod tearDown" time="-1.714743951912E9">
    <skipped/>
  </testcase> <!-- @AfterMethod tearDown -->
  <testcase classname="com.test.LoginPageTest" name="verifyLoginFailedOnInvalidCred" time="2.165"/>
  <testcase classname="com.test.LoginPageTest" name="verifyLoginSuccessfull" time="2.099"/>
  <testcase classname="com.test.SearchPageTest" name="verifyDevicesWithCategory" time="2.81"/>
  <testcase classname="com.test.SearchPageTest" name="verifyDevicesWithCategory" time="2.468"/>
  <testcase classname="com.test.SearchPageTest" name="verifyDevicesWithCategory" time="2.389"/>
  <testcase classname="com.test.SearchPageTest" name="verifySearchResults" time="1.217"/>
  <testcase classname="com.test.SearchPageTest" name="verifySearchResults" time="1.345"/>
  <testcase classname="com.test.SearchPageTest" name="verifySearchResults" time="0.0">
    <skipped/>
  </testcase> <!-- verifySearchResults -->
  <testcase classname="com.test.SearchPageTest" name="verifySortByDescendingOrder" time="0.0">
    <skipped/>
  </testcase> <!-- verifySortByDescendingOrder -->
  <testcase classname="com.test.SearchPageTest" name="verifySortByPriceHighToLow" time="0.0">
    <skipped/>
  </testcase> <!-- verifySortByPriceHighToLow -->
  <testcase classname="com.test.SearchPageTest" name="verifySortByPriceLowToHigh" time="0.0">
    <skipped/>
  </testcase> <!-- verifySortByPriceLowToHigh -->
</testsuite> <!-- Test -->
