<?xml version="1.0" encoding="UTF-8"?>
<!-- Generated by org.testng.reporters.JUnitXMLReporter -->
<testsuite ignored="0" hostname="tusshar" failures="2" tests="18" name="Default test" time="101.986" errors="0" timestamp="2024-05-03T19:10:51 IST">
  <testcase classname="com.test.SearchPageTest" name="verifyDevicesWithCategory" time="0.105">
    <skipped/>
  </testcase> <!-- verifyDevicesWithCategory -->
  <testcase classname="com.test.SearchPageTest" name="verifyDevicesWithCategory" time="0.061">
    <skipped/>
  </testcase> <!-- verifyDevicesWithCategory -->
  <testcase classname="com.test.SearchPageTest" name="verifyDevicesWithCategory" time="0.113">
    <skipped/>
  </testcase> <!-- verifyDevicesWithCategory -->
  <testcase classname="com.test.SearchPageTest" name="verifyDevicesWithCategory" time="0.225">
    <skipped/>
  </testcase> <!-- verifyDevicesWithCategory -->
  <testcase classname="com.test.SearchPageTest" name="verifyDevicesWithCategory" time="0.074">
    <skipped/>
  </testcase> <!-- verifyDevicesWithCategory -->
  <testcase classname="com.test.SearchPageTest" name="verifyDevicesWithCategory" time="0.136">
    <skipped/>
  </testcase> <!-- verifyDevicesWithCategory -->
  <testcase classname="com.test.SearchPageTest" name="verifyDevicesWithCategory" time="0.116">
    <skipped/>
  </testcase> <!-- verifyDevicesWithCategory -->
  <testcase classname="com.test.SearchPageTest" name="verifyDevicesWithCategory" time="0.067">
    <skipped/>
  </testcase> <!-- verifyDevicesWithCategory -->
  <testcase classname="com.test.SearchPageTest" name="verifyDevicesWithCategory" time="0.028">
    <skipped/>
  </testcase> <!-- verifyDevicesWithCategory -->
  <testcase classname="com.test.SearchPageTest" name="verifyDevicesWithCategory" time="3.474"/>
  <testcase classname="com.test.SearchPageTest" name="verifyDevicesWithCategory" time="3.302"/>
  <testcase classname="com.test.SearchPageTest" name="verifyDevicesWithCategory" time="2.323"/>
  <testcase classname="com.test.SearchPageTest" name="verifySearchResults" time="1.32"/>
  <testcase classname="com.test.SearchPageTest" name="verifySearchResults" time="1.14"/>
  <testcase classname="com.test.SearchPageTest" name="verifySearchResults" time="1.102"/>
  <testcase classname="com.test.SearchPageTest" name="verifySortByDescendingOrder" time="1.669"/>
  <testcase classname="com.test.SearchPageTest" name="verifySortByPriceHighToLow" time="2.564">
    <failure type="java.lang.AssertionError" message="Lists differ at element [0]: $110.00 != $21.00 expected [$110.00] but found [$21.00]">
      <![CDATA[java.lang.AssertionError: Lists differ at element [0]: $110.00 != $21.00 expected [$110.00] but found [$21.00]
at org.testng.Assert.fail(Assert.java:99)
at org.testng.Assert.failNotEquals(Assert.java:1037)
at org.testng.Assert.assertEqualsImpl(Assert.java:140)
at org.testng.Assert.assertEquals(Assert.java:1103)
at org.testng.Assert.assertEquals(Assert.java:1065)
at com.test.SearchPageTest.verifySortByPriceHighToLow(SearchPageTest.java:100)
at java.base/jdk.internal.reflect.NativeMethodAccessorImpl.invoke0(Native Method)
at java.base/jdk.internal.reflect.NativeMethodAccessorImpl.invoke(NativeMethodAccessorImpl.java:77)
at java.base/jdk.internal.reflect.DelegatingMethodAccessorImpl.invoke(DelegatingMethodAccessorImpl.java:43)
at java.base/java.lang.reflect.Method.invoke(Method.java:568)
at org.testng.internal.MethodInvocationHelper.invokeMethod(MethodInvocationHelper.java:133)
at org.testng.internal.TestInvoker.invokeMethod(TestInvoker.java:598)
at org.testng.internal.TestInvoker.invokeTestMethod(TestInvoker.java:173)
at org.testng.internal.MethodRunner.runInSequence(MethodRunner.java:46)
at org.testng.internal.TestInvoker$MethodInvocationAgent.invoke(TestInvoker.java:824)
at org.testng.internal.TestInvoker.invokeTestMethods(TestInvoker.java:146)
at org.testng.internal.TestMethodWorker.invokeTestMethods(TestMethodWorker.java:146)
at org.testng.internal.TestMethodWorker.run(TestMethodWorker.java:128)
at java.base/java.util.ArrayList.forEach(ArrayList.java:1511)
at org.testng.TestRunner.privateRun(TestRunner.java:794)
at org.testng.TestRunner.run(TestRunner.java:596)
at org.testng.SuiteRunner.runTest(SuiteRunner.java:377)
at org.testng.SuiteRunner.runSequentially(SuiteRunner.java:371)
at org.testng.SuiteRunner.privateRun(SuiteRunner.java:332)
at org.testng.SuiteRunner.run(SuiteRunner.java:276)
at org.testng.SuiteRunnerWorker.runSuite(SuiteRunnerWorker.java:53)
at org.testng.SuiteRunnerWorker.run(SuiteRunnerWorker.java:96)
at org.testng.TestNG.runSuitesSequentially(TestNG.java:1212)
at org.testng.TestNG.runSuitesLocally(TestNG.java:1134)
at org.testng.TestNG.runSuites(TestNG.java:1063)
at org.testng.TestNG.run(TestNG.java:1031)
at org.testng.remote.AbstractRemoteTestNG.run(AbstractRemoteTestNG.java:115)
at org.testng.remote.RemoteTestNG.initAndRun(RemoteTestNG.java:251)
at org.testng.remote.RemoteTestNG.main(RemoteTestNG.java:77)
]]>
    </failure>
  </testcase> <!-- verifySortByPriceHighToLow -->
  <testcase classname="com.test.SearchPageTest" name="verifySortByPriceLowToHigh" time="1.768">
    <failure type="java.lang.AssertionError" message="Lists differ at element [0]: $20.00 != $21.00 expected [$20.00] but found [$21.00]">
      <![CDATA[java.lang.AssertionError: Lists differ at element [0]: $20.00 != $21.00 expected [$20.00] but found [$21.00]
at org.testng.Assert.fail(Assert.java:99)
at org.testng.Assert.failNotEquals(Assert.java:1037)
at org.testng.Assert.assertEqualsImpl(Assert.java:140)
at org.testng.Assert.assertEquals(Assert.java:1103)
at org.testng.Assert.assertEquals(Assert.java:1065)
at com.test.SearchPageTest.verifySortByPriceLowToHigh(SearchPageTest.java:92)
at java.base/jdk.internal.reflect.NativeMethodAccessorImpl.invoke0(Native Method)
at java.base/jdk.internal.reflect.NativeMethodAccessorImpl.invoke(NativeMethodAccessorImpl.java:77)
at java.base/jdk.internal.reflect.DelegatingMethodAccessorImpl.invoke(DelegatingMethodAccessorImpl.java:43)
at java.base/java.lang.reflect.Method.invoke(Method.java:568)
at org.testng.internal.MethodInvocationHelper.invokeMethod(MethodInvocationHelper.java:133)
at org.testng.internal.TestInvoker.invokeMethod(TestInvoker.java:598)
at org.testng.internal.TestInvoker.invokeTestMethod(TestInvoker.java:173)
at org.testng.internal.MethodRunner.runInSequence(MethodRunner.java:46)
at org.testng.internal.TestInvoker$MethodInvocationAgent.invoke(TestInvoker.java:824)
at org.testng.internal.TestInvoker.invokeTestMethods(TestInvoker.java:146)
at org.testng.internal.TestMethodWorker.invokeTestMethods(TestMethodWorker.java:146)
at org.testng.internal.TestMethodWorker.run(TestMethodWorker.java:128)
at java.base/java.util.ArrayList.forEach(ArrayList.java:1511)
at org.testng.TestRunner.privateRun(TestRunner.java:794)
at org.testng.TestRunner.run(TestRunner.java:596)
at org.testng.SuiteRunner.runTest(SuiteRunner.java:377)
at org.testng.SuiteRunner.runSequentially(SuiteRunner.java:371)
at org.testng.SuiteRunner.privateRun(SuiteRunner.java:332)
at org.testng.SuiteRunner.run(SuiteRunner.java:276)
at org.testng.SuiteRunnerWorker.runSuite(SuiteRunnerWorker.java:53)
at org.testng.SuiteRunnerWorker.run(SuiteRunnerWorker.java:96)
at org.testng.TestNG.runSuitesSequentially(TestNG.java:1212)
at org.testng.TestNG.runSuitesLocally(TestNG.java:1134)
at org.testng.TestNG.runSuites(TestNG.java:1063)
at org.testng.TestNG.run(TestNG.java:1031)
at org.testng.remote.AbstractRemoteTestNG.run(AbstractRemoteTestNG.java:115)
at org.testng.remote.RemoteTestNG.initAndRun(RemoteTestNG.java:251)
at org.testng.remote.RemoteTestNG.main(RemoteTestNG.java:77)
]]>
    </failure>
  </testcase> <!-- verifySortByPriceLowToHigh -->
</testsuite> <!-- Default test -->
